22:56:08.907 [main                     ] DEBUG Logger               - Configured Logger
22:56:08.911 [main                     ] DEBUG GameApplication      - Logging settings
Title: Untitled
Version: 0.0
Width: 1200
Height: 800
Fullscreen: false
Intro: false
Profiling: false
Single step:false
App Mode: DEVELOPER
Menu Key: ESCAPE
Stage Style: DECORATED
Scene Factory: class com.almasb.fxgl.app.scene.SceneFactory

22:56:09.251 [JavaFX Application Thread] DEBUG FXGLApplication      - Initializing FXGL
22:56:09.253 [JavaFX Application Thread] INFO  Engine               - FXGL-11.14 (01.03.2021 16.59) on WINDOWS (J:17 FX:15)
22:56:09.253 [JavaFX Application Thread] DEBUG Engine               - JRE Vendor Name: Oracle Corporation
22:56:09.253 [JavaFX Application Thread] DEBUG Engine               - Running on OS: Windows 10 version 10.0
22:56:09.253 [JavaFX Application Thread] DEBUG Engine               - Architecture: amd64
22:56:09.253 [JavaFX Application Thread] INFO  Engine               - Source code and latest versions at: https://github.com/AlmasB/FXGL
22:56:09.253 [JavaFX Application Thread] INFO  Engine               -              Join the FXGL chat at: https://gitter.im/AlmasB/FXGL
22:56:09.347 [JavaFX Application Thread] DEBUG PrimaryStageWindow   - Creating a JavaFX scene
22:56:09.386 [JavaFX Application Thread] DEBUG PrimaryStageWindow   - Target settings size: 1200.0 x 800.0
22:56:09.386 [JavaFX Application Thread] DEBUG PrimaryStageWindow   - Scaled scene size:    1200.0 x 800.0
22:56:09.386 [JavaFX Application Thread] DEBUG PrimaryStageWindow   - Scaled ratio: (1.0, 1.0)
22:56:09.387 [JavaFX Application Thread] DEBUG PrimaryStageWindow   - Set initial scene to FXGLStartupScene
22:56:09.393 [JavaFX Application Thread] DEBUG PrimaryStageWindow   - Opening main window
22:56:09.467 [JavaFX Application Thread] DEBUG PrimaryStageWindow   - Window border size: (16.0, 39.0)
22:56:09.467 [JavaFX Application Thread] DEBUG PrimaryStageWindow   - Scaled size: 1200.0 x 800.0
22:56:09.468 [JavaFX Application Thread] DEBUG PrimaryStageWindow   - Scaled ratio: (1.0, 1.0)
22:56:09.468 [JavaFX Application Thread] DEBUG PrimaryStageWindow   - Scene size: 1200.0 x 800.0
22:56:09.468 [JavaFX Application Thread] DEBUG PrimaryStageWindow   - Stage size: 1216.0 x 839.0
22:56:09.474 [FXGL Background Thread 1 ] DEBUG Engine               - Initializing environment variables
22:56:09.509 [FXGL Background Thread 1 ] DEBUG FXGLAssetLoaderServi - User app class for loading assets: class Game
22:56:09.509 [FXGL Background Thread 1 ] DEBUG GameApplicationServi - Applying CSS: fxgl_dark.css
22:56:09.510 [FXGL Background Thread 1 ] DEBUG FXGLAssetLoaderServi - Loading from file system: jar:file:/C:/Users/Bruno/.m2/repository/com/github/almasb/fxgl/11.14/fxgl-11.14.jar!/fxglassets/ui/css/fxgl_dark.css
22:56:09.554 [FXGL Background Thread 1 ] DEBUG GameApplicationServi - Initializing application scenes
22:56:09.594 [FXGL Background Thread 1 ] DEBUG GameWorld            - Game world initialized
22:56:09.634 [FXGL Background Thread 1 ] DEBUG PhysicsWorld         - Physics world initialized: appHeight=800, physics.ppm=50.0
22:56:09.634 [FXGL Background Thread 1 ] DEBUG PhysicsWorld         - Using strategy: BRUTE_FORCE
22:56:09.636 [FXGL Background Thread 1 ] DEBUG GameScene            - Game scene initialized: 1200x800
22:56:09.666 [FXGL Background Thread 1 ] DEBUG FXGLAssetLoaderServi - Loading from file system: jar:file:/C:/Users/Bruno/.m2/repository/com/github/almasb/fxgl/11.14/fxgl-11.14.jar!/fxglassets/textures/particles/trace_horizontal.png
22:56:09.702 [FXGL Background Thread 1 ] DEBUG FXGL.DefaultMenu     - createMenuBodyGameMenu()
22:56:09.716 [FXGL Background Thread 1 ] DEBUG FXGL.DefaultMenu     - createOptionsMenu()
22:56:09.720 [FXGL Background Thread 1 ] DEBUG FXGLAssetLoaderServi - Loading from file system: jar:file:/C:/Users/Bruno/.m2/repository/com/github/almasb/fxgl/11.14/fxgl-11.14.jar!/fxglassets/textures/particles/smoke.png
22:56:09.757 [FXGL Background Thread 1 ] DEBUG GameApplicationServi - Application scenes initialized
22:56:09.765 [FXGL Background Thread 1 ] DEBUG SystemBundleService  - Loading FXGL system data
22:56:09.772 [FXGL Background Thread 1 ] DEBUG FileSystemAccess     - Reading from: G:\uniwerk\Uniwerk Jaar 2\P1\Project\fxgltest\system\fxgl.bundle
22:56:09.777 [FXGL Background Thread 1 ] DEBUG SystemBundleService  - Bundle FXGL: {}
22:56:09.777 [FXGL Background Thread 1 ] DEBUG UpdaterService       - Checking for updates
22:56:09.780 [FXGL Background Thread 4 ] DEBUG FXGLApplication      - Loading fonts
22:56:09.780 [FXGL Background Thread 4 ] DEBUG FXGLAssetLoaderServi - Loading from file system: jar:file:/C:/Users/Bruno/.m2/repository/com/github/almasb/fxgl/11.14/fxgl-11.14.jar!/fxglassets/ui/fonts/VarelaRound-Regular.ttf
22:56:09.781 [FXGL Background Thread 1 ] DEBUG FXGLApplication      - Loading default localization
22:56:09.781 [FXGL Background Thread 1 ] DEBUG FXGLAssetLoaderServi - Loading from file system: jar:file:/C:/Users/Bruno/.m2/repository/com/github/almasb/fxgl/11.14/fxgl-11.14.jar!/fxglassets/languages/english.lang
22:56:09.809 [FXGL Background Thread 1 ] INFO  FXGLApplication      - FXGL initialization took: 0.335 sec
22:56:09.818 [JavaFX Application Thread] DEBUG Input                - Registered new binding: action0 - D
22:56:09.819 [JavaFX Application Thread] DEBUG Input                - Registered new binding: action1 - A
22:56:09.819 [JavaFX Application Thread] DEBUG Input                - Registered new binding: action2 - W
22:56:09.819 [JavaFX Application Thread] DEBUG Input                - Registered new binding: action3 - S
22:56:09.820 [JavaFX Application Thread] DEBUG FXGLAssetLoaderServi - Loading from file system: jar:file:/C:/Users/Bruno/.m2/repository/com/github/almasb/fxgl/11.14/fxgl-11.14.jar!/fxglassets/textures/fxgl_icon.png
22:56:09.829 [FXGL Background Thread 4 ] DEBUG FXGLAssetLoaderServi - Loading from file system: jar:file:/C:/Users/Bruno/.m2/repository/com/github/almasb/fxgl/11.14/fxgl-11.14.jar!/fxglassets/ui/fonts/Abel-Regular.ttf
22:56:09.834 [JavaFX Application Thread] DEBUG FXGLAssetLoaderServi - Loading from file system: jar:file:/C:/Users/Bruno/.m2/repository/com/github/almasb/fxgl/11.14/fxgl-11.14.jar!/fxglassets/ui/cursors/fxgl_default.png
22:56:09.835 [JavaFX Application Thread] DEBUG Input                - Registered new binding: Screenshot - P
22:56:09.836 [JavaFX Application Thread] DEBUG Input                - Registered new binding: System info dump - CTRL+9
22:56:09.836 [FXGL Background Thread 4 ] DEBUG FXGLAssetLoaderServi - Loading from file system: jar:file:/C:/Users/Bruno/.m2/repository/com/github/almasb/fxgl/11.14/fxgl-11.14.jar!/fxglassets/ui/fonts/lucida_console.ttf
22:56:09.837 [JavaFX Application Thread] DEBUG Input                - Registered new binding: Restart - CTRL+R
22:56:09.837 [JavaFX Application Thread] DEBUG Input                - Registered new binding: Toggle Debug Camera - CTRL+C
22:56:09.840 [JavaFX Application Thread] DEBUG LoopRunner           - Starting loop
22:56:09.840 [JavaFX Application Thread] DEBUG LoopRunner           - Initializing JavaFX AnimationTimerLoop
22:56:09.841 [JavaFX Application Thread] DEBUG GameApplicationServi - Starting new game
22:56:09.842 [JavaFX Application Thread] DEBUG Input                - Clearing active input actions
22:56:09.846 [FXGL Background Thread 4 ] DEBUG FXGLAssetLoaderServi - Loading from file system: jar:file:/C:/Users/Bruno/.m2/repository/com/github/almasb/fxgl/11.14/fxgl-11.14.jar!/fxglassets/ui/fonts/Courier-Prime.ttf
22:56:09.849 [JavaFX Application Thread] DEBUG GameApplicationServi - Removing overlay from FXGLStartupScene and adding to FXGLLoadingScene
22:56:09.849 [JavaFX Application Thread] DEBUG PrimaryStageWindow   - FXGLStartupScene -> FXGLLoadingScene
22:56:09.850 [JavaFX Application Thread] DEBUG GameApplicationServi - Clearing previous game
22:56:09.850 [JavaFX Application Thread] DEBUG GameScene            - Clearing game scene
22:56:09.850 [JavaFX Application Thread] DEBUG GameWorld            - Clearing game world
22:56:09.850 [JavaFX Application Thread] DEBUG PhysicsWorld         - Clearing physics world
22:56:09.851 [FXGL Background Thread 1 ] DEBUG FXGLApplication      - Initializing game
22:56:09.856 [FXGL Background Thread 1 ] DEBUG FXGLAssetLoaderServi - Loading from file system: file:/G:/uniwerk/Uniwerk%20Jaar%202/P1/Project/fxgltest/target/classes/assets/textures/dude.png
22:56:09.871 [FXGL Background Thread 1 ] INFO  FXGLApplication      - Game initialization took: 0.019 sec
22:56:09.885 [JavaFX Application Thread] DEBUG FXGLApplication      - Registering font factories with UI factory
22:56:09.888 [JavaFX Application Thread] DEBUG Input                - Clearing active input actions
22:56:09.892 [JavaFX Application Thread] DEBUG GameApplicationServi - Removing overlay from FXGLLoadingScene and adding to GameScene
22:56:09.893 [JavaFX Application Thread] DEBUG PrimaryStageWindow   - FXGLLoadingScene -> GameScene
22:56:10.059 [FXGL Background Thread 2 ] INFO  UpdaterService       - Your current version:  11.14
22:56:10.059 [FXGL Background Thread 2 ] INFO  UpdaterService       - Latest stable version: 17.1
22:56:12.780 [FXGL Background Thread 3 ] DEBUG Engine               - Logging environment variables
22:56:12.780 [FXGL Background Thread 3 ] DEBUG Engine               - achievements: []
22:56:12.780 [FXGL Background Thread 3 ] DEBUG Engine               - actualHeight: 800.0
22:56:12.780 [FXGL Background Thread 3 ] DEBUG Engine               - actualHeightProperty: ReadOnlyDoubleProperty [value: 800.0]
22:56:12.780 [FXGL Background Thread 3 ] DEBUG Engine               - actualWidth: 1200.0
22:56:12.780 [FXGL Background Thread 3 ] DEBUG Engine               - actualWidthProperty: ReadOnlyDoubleProperty [value: 1200.0]
22:56:12.780 [FXGL Background Thread 3 ] DEBUG Engine               - appIcon: fxgl_icon.png
22:56:12.780 [FXGL Background Thread 3 ] DEBUG Engine               - applicationMode: DEVELOPER
22:56:12.781 [FXGL Background Thread 3 ] DEBUG Engine               - cSSList: [fxgl_dark.css]
22:56:12.781 [FXGL Background Thread 3 ] DEBUG Engine               - collisionDetectionStrategy: BRUTE_FORCE
22:56:12.781 [FXGL Background Thread 3 ] DEBUG Engine               - configClass: Optional.empty
22:56:12.781 [FXGL Background Thread 3 ] DEBUG Engine               - credits: []
22:56:12.781 [FXGL Background Thread 3 ] DEBUG Engine               - devBBoxColorProperty: ObjectProperty [value: 0xff0000ff]
22:56:12.781 [FXGL Background Thread 3 ] DEBUG Engine               - devEnableDebugCameraProperty: BooleanProperty [value: false]
22:56:12.781 [FXGL Background Thread 3 ] DEBUG Engine               - devSensorColorProperty: ObjectProperty [value: 0xffff00ff]
22:56:12.782 [FXGL Background Thread 3 ] DEBUG Engine               - devShowBBoxProperty: BooleanProperty [value: false]
22:56:12.782 [FXGL Background Thread 3 ] DEBUG Engine               - devShowPositionProperty: BooleanProperty [value: false]
22:56:12.782 [FXGL Background Thread 3 ] DEBUG Engine               - enabledMenuItems: []
22:56:12.782 [FXGL Background Thread 3 ] DEBUG Engine               - engineServices: [class com.almasb.fxgl.app.services.FXGLAssetLoaderService, class com.almasb.fxgl.app.FXGLApplication$GameApplicationService, class com.almasb.fxgl.app.services.FXGLDialogService, class com.almasb.fxgl.app.services.IOTaskExecutorService, class com.almasb.fxgl.event.EventBusService, class com.almasb.fxgl.io.FileSystemService, class com.almasb.fxgl.localization.LocalizationService, class com.almasb.fxgl.app.services.SystemBundleService, class com.almasb.fxgl.profile.SaveLoadService, class com.almasb.fxgl.ui.FXGLUIFactoryServiceProvider, class com.almasb.fxgl.ui.FXGLDialogFactoryServiceProvider, class com.almasb.fxgl.audio.AudioPlayer, class com.almasb.fxgl.notification.impl.NotificationServiceProvider, class com.almasb.fxgl.achievement.AchievementService, class com.almasb.fxgl.cutscene.CutsceneService, class com.almasb.fxgl.minigames.MiniGameService, class com.almasb.fxgl.net.NetService, class com.almasb.fxgl.app.services.UpdaterService, class com.almasb.fxgl.dev.DevService]
22:56:12.782 [FXGL Background Thread 3 ] DEBUG Engine               - fontGame: Abel-Regular.ttf
22:56:12.782 [FXGL Background Thread 3 ] DEBUG Engine               - fontMono: lucida_console.ttf
22:56:12.782 [FXGL Background Thread 3 ] DEBUG Engine               - fontText: Courier-Prime.ttf
22:56:12.782 [FXGL Background Thread 3 ] DEBUG Engine               - fontUI: VarelaRound-Regular.ttf
22:56:12.782 [FXGL Background Thread 3 ] DEBUG Engine               - fullScreen: BooleanProperty [value: false]
22:56:12.782 [FXGL Background Thread 3 ] DEBUG Engine               - gameDifficulty: MEDIUM
22:56:12.783 [FXGL Background Thread 3 ] DEBUG Engine               - gameDifficultyProperty: ObjectProperty [value: MEDIUM]
22:56:12.783 [FXGL Background Thread 3 ] DEBUG Engine               - globalMusicVolume: 0.5
22:56:12.783 [FXGL Background Thread 3 ] DEBUG Engine               - globalMusicVolumeProperty: DoubleProperty [value: 0.5]
22:56:12.783 [FXGL Background Thread 3 ] DEBUG Engine               - globalSoundVolume: 0.5
22:56:12.783 [FXGL Background Thread 3 ] DEBUG Engine               - globalSoundVolumeProperty: DoubleProperty [value: 0.5]
22:56:12.783 [FXGL Background Thread 3 ] DEBUG Engine               - height: 800
22:56:12.783 [FXGL Background Thread 3 ] DEBUG Engine               - isAndroid: false
22:56:12.783 [FXGL Background Thread 3 ] DEBUG Engine               - isBrowser: false
22:56:12.783 [FXGL Background Thread 3 ] DEBUG Engine               - isClickFeedbackEnabled: false
22:56:12.783 [FXGL Background Thread 3 ] DEBUG Engine               - isCloseConfirmation: false
22:56:12.784 [FXGL Background Thread 3 ] DEBUG Engine               - isDesktop: true
22:56:12.784 [FXGL Background Thread 3 ] DEBUG Engine               - isDeveloperMenuEnabled: false
22:56:12.784 [FXGL Background Thread 3 ] DEBUG Engine               - isEntityPreloadEnabled: true
22:56:12.784 [FXGL Background Thread 3 ] DEBUG Engine               - isExperimental3D: false
22:56:12.784 [FXGL Background Thread 3 ] DEBUG Engine               - isExperimentalNative: false
22:56:12.784 [FXGL Background Thread 3 ] DEBUG Engine               - isExperimentalTiledLargeMap: false
22:56:12.784 [FXGL Background Thread 3 ] DEBUG Engine               - isFileSystemWriteAllowed: true
22:56:12.784 [FXGL Background Thread 3 ] DEBUG Engine               - isFullScreenAllowed: false
22:56:12.784 [FXGL Background Thread 3 ] DEBUG Engine               - isFullScreenFromStart: false
22:56:12.784 [FXGL Background Thread 3 ] DEBUG Engine               - isGameMenuEnabled: true
22:56:12.784 [FXGL Background Thread 3 ] DEBUG Engine               - isIOS: false
22:56:12.784 [FXGL Background Thread 3 ] DEBUG Engine               - isIntroEnabled: false
22:56:12.784 [FXGL Background Thread 3 ] DEBUG Engine               - isLinux: false
22:56:12.784 [FXGL Background Thread 3 ] DEBUG Engine               - isMac: false
22:56:12.784 [FXGL Background Thread 3 ] DEBUG Engine               - isMainMenuEnabled: false
22:56:12.785 [FXGL Background Thread 3 ] DEBUG Engine               - isManualResizeEnabled: false
22:56:12.785 [FXGL Background Thread 3 ] DEBUG Engine               - isMobile: false
22:56:12.785 [FXGL Background Thread 3 ] DEBUG Engine               - isPreserveResizeRatio: false
22:56:12.785 [FXGL Background Thread 3 ] DEBUG Engine               - isProfilingEnabled: false
22:56:12.785 [FXGL Background Thread 3 ] DEBUG Engine               - isScaleAffectedOnResize: true
22:56:12.785 [FXGL Background Thread 3 ] DEBUG Engine               - isSingleStep: false
22:56:12.785 [FXGL Background Thread 3 ] DEBUG Engine               - isUserProfileEnabled: false
22:56:12.785 [FXGL Background Thread 3 ] DEBUG Engine               - isWindows: true
22:56:12.785 [FXGL Background Thread 3 ] DEBUG Engine               - language: ObjectProperty [value: ENGLISH]
22:56:12.785 [FXGL Background Thread 3 ] DEBUG Engine               - menuKey: ESCAPE
22:56:12.785 [FXGL Background Thread 3 ] DEBUG Engine               - notificationViewClass: class com.almasb.fxgl.notification.view.XboxNotificationView
22:56:12.785 [FXGL Background Thread 3 ] DEBUG Engine               - pixelsPerMeter: 50.0
22:56:12.786 [FXGL Background Thread 3 ] DEBUG Engine               - platform: WINDOWS
22:56:12.786 [FXGL Background Thread 3 ] DEBUG Engine               - prefHeightProperty: ReadOnlyDoubleProperty [value: 800.0]
22:56:12.786 [FXGL Background Thread 3 ] DEBUG Engine               - prefWidthProperty: ReadOnlyDoubleProperty [value: 1200.0]
22:56:12.786 [FXGL Background Thread 3 ] DEBUG Engine               - profileDir: profiles/
22:56:12.786 [FXGL Background Thread 3 ] DEBUG Engine               - profileName: StringProperty [value: DEFAULT]
22:56:12.786 [FXGL Background Thread 3 ] DEBUG Engine               - randomSeed: -1
22:56:12.786 [FXGL Background Thread 3 ] DEBUG Engine               - runtimeInfo: RuntimeInfo(platform=WINDOWS, version=11.14, build=01.03.2021 16.59)
22:56:12.786 [FXGL Background Thread 3 ] DEBUG Engine               - saveFileExt: sav
22:56:12.786 [FXGL Background Thread 3 ] DEBUG Engine               - scaledHeightProp$fxgl: DoubleProperty [bound, value: 800.0]
22:56:12.786 [FXGL Background Thread 3 ] DEBUG Engine               - scaledWidthProp$fxgl: DoubleProperty [bound, value: 1200.0]
22:56:12.786 [FXGL Background Thread 3 ] DEBUG Engine               - sceneFactory: com.almasb.fxgl.app.scene.SceneFactory@7595751b
22:56:12.786 [FXGL Background Thread 3 ] DEBUG Engine               - secondsIn24h: 60
22:56:12.787 [FXGL Background Thread 3 ] DEBUG Engine               - soundMenuBack: menu/back.wav
22:56:12.787 [FXGL Background Thread 3 ] DEBUG Engine               - soundMenuPress: menu/press.wav
22:56:12.787 [FXGL Background Thread 3 ] DEBUG Engine               - soundMenuSelect: menu/select.wav
22:56:12.787 [FXGL Background Thread 3 ] DEBUG Engine               - soundNotification: core/notification.wav
22:56:12.787 [FXGL Background Thread 3 ] DEBUG Engine               - stageStyle: DECORATED
22:56:12.787 [FXGL Background Thread 3 ] DEBUG Engine               - supportedLanguages: [ENGLISH, FRENCH, GERMAN, HUNGARIAN, RUSSIAN]
22:56:12.787 [FXGL Background Thread 3 ] DEBUG Engine               - ticksPerSecond: -1
22:56:12.787 [FXGL Background Thread 3 ] DEBUG Engine               - title: Untitled
22:56:12.787 [FXGL Background Thread 3 ] DEBUG Engine               - urlGithub: https://github.com/AlmasB/FXGL
22:56:12.787 [FXGL Background Thread 3 ] DEBUG Engine               - urlLeaderboard: http://fxgl-top.herokuapp.com/
22:56:12.787 [FXGL Background Thread 3 ] DEBUG Engine               - urlPOM: https://raw.githubusercontent.com/AlmasB/FXGL/release/README.md
22:56:12.787 [FXGL Background Thread 3 ] DEBUG Engine               - userAppClass: class Game
22:56:12.787 [FXGL Background Thread 3 ] DEBUG Engine               - version: 0.0
22:56:12.787 [FXGL Background Thread 3 ] DEBUG Engine               - versionCheckDays: 7
22:56:12.788 [FXGL Background Thread 3 ] DEBUG Engine               - width: 1200
22:56:12.788 [FXGL Background Thread 3 ] DEBUG Engine               - Logging services
22:56:12.788 [FXGL Background Thread 3 ] DEBUG Engine               - class com.almasb.fxgl.app.services.FXGLAssetLoaderService
22:56:12.788 [FXGL Background Thread 3 ] DEBUG Engine               - class com.almasb.fxgl.app.FXGLApplication$GameApplicationService
22:56:12.788 [FXGL Background Thread 3 ] DEBUG Engine               - class com.almasb.fxgl.app.services.FXGLDialogService
22:56:12.788 [FXGL Background Thread 3 ] DEBUG Engine               - class com.almasb.fxgl.app.services.IOTaskExecutorService
22:56:12.788 [FXGL Background Thread 3 ] DEBUG Engine               - class com.almasb.fxgl.event.EventBusService
22:56:12.788 [FXGL Background Thread 3 ] DEBUG Engine               - class com.almasb.fxgl.io.FileSystemService
22:56:12.788 [FXGL Background Thread 3 ] DEBUG Engine               - class com.almasb.fxgl.localization.LocalizationService
22:56:12.788 [FXGL Background Thread 3 ] DEBUG Engine               - class com.almasb.fxgl.app.services.SystemBundleService
22:56:12.788 [FXGL Background Thread 3 ] DEBUG Engine               - class com.almasb.fxgl.profile.SaveLoadService
22:56:12.788 [FXGL Background Thread 3 ] DEBUG Engine               - class com.almasb.fxgl.ui.FXGLUIFactoryServiceProvider
22:56:12.789 [FXGL Background Thread 3 ] DEBUG Engine               - class com.almasb.fxgl.ui.FXGLDialogFactoryServiceProvider
22:56:12.789 [FXGL Background Thread 3 ] DEBUG Engine               - class com.almasb.fxgl.audio.AudioPlayer
22:56:12.789 [FXGL Background Thread 3 ] DEBUG Engine               - class com.almasb.fxgl.notification.impl.NotificationServiceProvider
22:56:12.789 [FXGL Background Thread 3 ] DEBUG Engine               - class com.almasb.fxgl.achievement.AchievementService
22:56:12.789 [FXGL Background Thread 3 ] DEBUG Engine               - class com.almasb.fxgl.cutscene.CutsceneService
22:56:12.789 [FXGL Background Thread 3 ] DEBUG Engine               - class com.almasb.fxgl.minigames.MiniGameService
22:56:12.789 [FXGL Background Thread 3 ] DEBUG Engine               - class com.almasb.fxgl.net.NetService
22:56:12.789 [FXGL Background Thread 3 ] DEBUG Engine               - class com.almasb.fxgl.app.services.UpdaterService
22:56:12.789 [FXGL Background Thread 3 ] DEBUG Engine               - class com.almasb.fxgl.dev.DevService
22:56:30.827 [JavaFX Application Thread] DEBUG FXGLApplication      - Exiting FXGL
22:56:30.827 [JavaFX Application Thread] DEBUG LoopRunner           - Stopping loop
22:56:30.827 [JavaFX Application Thread] DEBUG SystemBundleService  - Saving FXGL system data
22:56:30.828 [JavaFX Application Thread] DEBUG FileSystemAccess     - Writing to: G:\uniwerk\Uniwerk Jaar 2\P1\Project\fxgltest\system\fxgl.bundle
22:56:30.830 [JavaFX Application Thread] DEBUG Async                - Shutting down background threads
22:56:30.830 [JavaFX Application Thread] DEBUG PrimaryStageWindow   - Closing main window
22:56:30.841 [JavaFX Application Thread] DEBUG Logger               - Closing Logger
