23:10:18.436 [main                     ] DEBUG Logger               - Configured Logger
23:10:18.441 [main                     ] DEBUG GameApplication      - Logging settings
Title: Untitled
Version: 0.0
Width: 1200
Height: 800
Fullscreen: false
Intro: false
Profiling: false
Single step:false
App Mode: DEVELOPER
Menu Key: ESCAPE
Stage Style: DECORATED
Scene Factory: class com.almasb.fxgl.app.scene.SceneFactory

23:10:18.799 [JavaFX Application Thread] DEBUG FXGLApplication      - Initializing FXGL
23:10:18.800 [JavaFX Application Thread] INFO  Engine               - FXGL-11.14 (01.03.2021 16.59) on WINDOWS (J:17 FX:15)
23:10:18.800 [JavaFX Application Thread] DEBUG Engine               - JRE Vendor Name: Oracle Corporation
23:10:18.800 [JavaFX Application Thread] DEBUG Engine               - Running on OS: Windows 10 version 10.0
23:10:18.800 [JavaFX Application Thread] DEBUG Engine               - Architecture: amd64
23:10:18.800 [JavaFX Application Thread] INFO  Engine               - Source code and latest versions at: https://github.com/AlmasB/FXGL
23:10:18.801 [JavaFX Application Thread] INFO  Engine               -              Join the FXGL chat at: https://gitter.im/AlmasB/FXGL
23:10:18.896 [JavaFX Application Thread] DEBUG PrimaryStageWindow   - Creating a JavaFX scene
23:10:18.938 [JavaFX Application Thread] DEBUG PrimaryStageWindow   - Target settings size: 1200.0 x 800.0
23:10:18.938 [JavaFX Application Thread] DEBUG PrimaryStageWindow   - Scaled scene size:    1200.0 x 800.0
23:10:18.939 [JavaFX Application Thread] DEBUG PrimaryStageWindow   - Scaled ratio: (1.0, 1.0)
23:10:18.939 [JavaFX Application Thread] DEBUG PrimaryStageWindow   - Set initial scene to FXGLStartupScene
23:10:18.945 [JavaFX Application Thread] DEBUG PrimaryStageWindow   - Opening main window
23:10:19.021 [JavaFX Application Thread] DEBUG PrimaryStageWindow   - Window border size: (16.0, 39.0)
23:10:19.021 [JavaFX Application Thread] DEBUG PrimaryStageWindow   - Scaled size: 1200.0 x 800.0
23:10:19.022 [JavaFX Application Thread] DEBUG PrimaryStageWindow   - Scaled ratio: (1.0, 1.0)
23:10:19.022 [JavaFX Application Thread] DEBUG PrimaryStageWindow   - Scene size: 1200.0 x 800.0
23:10:19.022 [JavaFX Application Thread] DEBUG PrimaryStageWindow   - Stage size: 1216.0 x 839.0
23:10:19.027 [FXGL Background Thread 1 ] DEBUG Engine               - Initializing environment variables
23:10:19.063 [FXGL Background Thread 1 ] DEBUG FXGLAssetLoaderServi - User app class for loading assets: class Game
23:10:19.064 [FXGL Background Thread 1 ] DEBUG GameApplicationServi - Applying CSS: fxgl_dark.css
23:10:19.064 [FXGL Background Thread 1 ] DEBUG FXGLAssetLoaderServi - Loading from file system: jar:file:/C:/Users/Bruno/.m2/repository/com/github/almasb/fxgl/11.14/fxgl-11.14.jar!/fxglassets/ui/css/fxgl_dark.css
23:10:19.104 [FXGL Background Thread 1 ] DEBUG GameApplicationServi - Initializing application scenes
23:10:19.146 [FXGL Background Thread 1 ] DEBUG GameWorld            - Game world initialized
23:10:19.194 [FXGL Background Thread 1 ] DEBUG PhysicsWorld         - Physics world initialized: appHeight=800, physics.ppm=50.0
23:10:19.194 [FXGL Background Thread 1 ] DEBUG PhysicsWorld         - Using strategy: BRUTE_FORCE
23:10:19.196 [FXGL Background Thread 1 ] DEBUG GameScene            - Game scene initialized: 1200x800
23:10:19.231 [FXGL Background Thread 1 ] DEBUG FXGLAssetLoaderServi - Loading from file system: jar:file:/C:/Users/Bruno/.m2/repository/com/github/almasb/fxgl/11.14/fxgl-11.14.jar!/fxglassets/textures/particles/trace_horizontal.png
23:10:19.268 [FXGL Background Thread 1 ] DEBUG FXGL.DefaultMenu     - createMenuBodyGameMenu()
23:10:19.280 [FXGL Background Thread 1 ] DEBUG FXGL.DefaultMenu     - createOptionsMenu()
23:10:19.284 [FXGL Background Thread 1 ] DEBUG FXGLAssetLoaderServi - Loading from file system: jar:file:/C:/Users/Bruno/.m2/repository/com/github/almasb/fxgl/11.14/fxgl-11.14.jar!/fxglassets/textures/particles/smoke.png
23:10:19.322 [FXGL Background Thread 1 ] DEBUG GameApplicationServi - Application scenes initialized
23:10:19.330 [FXGL Background Thread 1 ] DEBUG SystemBundleService  - Loading FXGL system data
23:10:19.334 [FXGL Background Thread 1 ] DEBUG FileSystemAccess     - Reading from: G:\uniwerk\Uniwerk Jaar 2\P1\Project\fxgltest\system\fxgl.bundle
23:10:19.339 [FXGL Background Thread 1 ] DEBUG SystemBundleService  - Bundle FXGL: {}
23:10:19.339 [FXGL Background Thread 1 ] DEBUG UpdaterService       - Checking for updates
23:10:19.342 [FXGL Background Thread 4 ] DEBUG FXGLApplication      - Loading fonts
23:10:19.343 [FXGL Background Thread 4 ] DEBUG FXGLAssetLoaderServi - Loading from file system: jar:file:/C:/Users/Bruno/.m2/repository/com/github/almasb/fxgl/11.14/fxgl-11.14.jar!/fxglassets/ui/fonts/VarelaRound-Regular.ttf
23:10:19.343 [FXGL Background Thread 1 ] DEBUG FXGLApplication      - Loading default localization
23:10:19.343 [FXGL Background Thread 1 ] DEBUG FXGLAssetLoaderServi - Loading from file system: jar:file:/C:/Users/Bruno/.m2/repository/com/github/almasb/fxgl/11.14/fxgl-11.14.jar!/fxglassets/languages/english.lang
23:10:19.364 [FXGL Background Thread 1 ] INFO  FXGLApplication      - FXGL initialization took: 0.337 sec
23:10:19.373 [JavaFX Application Thread] DEBUG Input                - Registered new binding: action0 - D
23:10:19.373 [JavaFX Application Thread] DEBUG Input                - Registered new binding: action1 - A
23:10:19.373 [JavaFX Application Thread] DEBUG Input                - Registered new binding: action2 - W
23:10:19.374 [JavaFX Application Thread] DEBUG Input                - Registered new binding: action3 - S
23:10:19.374 [JavaFX Application Thread] DEBUG FXGLAssetLoaderServi - Loading from file system: jar:file:/C:/Users/Bruno/.m2/repository/com/github/almasb/fxgl/11.14/fxgl-11.14.jar!/fxglassets/textures/fxgl_icon.png
23:10:19.385 [FXGL Background Thread 4 ] DEBUG FXGLAssetLoaderServi - Loading from file system: jar:file:/C:/Users/Bruno/.m2/repository/com/github/almasb/fxgl/11.14/fxgl-11.14.jar!/fxglassets/ui/fonts/Abel-Regular.ttf
23:10:19.390 [JavaFX Application Thread] DEBUG FXGLAssetLoaderServi - Loading from file system: jar:file:/C:/Users/Bruno/.m2/repository/com/github/almasb/fxgl/11.14/fxgl-11.14.jar!/fxglassets/ui/cursors/fxgl_default.png
23:10:19.392 [JavaFX Application Thread] DEBUG Input                - Registered new binding: Screenshot - P
23:10:19.393 [FXGL Background Thread 4 ] DEBUG FXGLAssetLoaderServi - Loading from file system: jar:file:/C:/Users/Bruno/.m2/repository/com/github/almasb/fxgl/11.14/fxgl-11.14.jar!/fxglassets/ui/fonts/lucida_console.ttf
23:10:19.393 [JavaFX Application Thread] DEBUG Input                - Registered new binding: System info dump - CTRL+9
23:10:19.393 [JavaFX Application Thread] DEBUG Input                - Registered new binding: Restart - CTRL+R
23:10:19.394 [JavaFX Application Thread] DEBUG Input                - Registered new binding: Toggle Debug Camera - CTRL+C
23:10:19.397 [JavaFX Application Thread] DEBUG LoopRunner           - Starting loop
23:10:19.397 [JavaFX Application Thread] DEBUG LoopRunner           - Initializing JavaFX AnimationTimerLoop
23:10:19.398 [JavaFX Application Thread] DEBUG GameApplicationServi - Starting new game
23:10:19.399 [JavaFX Application Thread] DEBUG Input                - Clearing active input actions
23:10:19.403 [FXGL Background Thread 4 ] DEBUG FXGLAssetLoaderServi - Loading from file system: jar:file:/C:/Users/Bruno/.m2/repository/com/github/almasb/fxgl/11.14/fxgl-11.14.jar!/fxglassets/ui/fonts/Courier-Prime.ttf
23:10:19.409 [JavaFX Application Thread] DEBUG GameApplicationServi - Removing overlay from FXGLStartupScene and adding to FXGLLoadingScene
23:10:19.409 [JavaFX Application Thread] DEBUG PrimaryStageWindow   - FXGLStartupScene -> FXGLLoadingScene
23:10:19.409 [JavaFX Application Thread] DEBUG GameApplicationServi - Clearing previous game
23:10:19.409 [JavaFX Application Thread] DEBUG GameScene            - Clearing game scene
23:10:19.410 [JavaFX Application Thread] DEBUG GameWorld            - Clearing game world
23:10:19.410 [JavaFX Application Thread] DEBUG PhysicsWorld         - Clearing physics world
23:10:19.412 [JavaFX Application Thread] DEBUG FXGLApplication      - Registering font factories with UI factory
23:10:19.412 [FXGL Background Thread 1 ] DEBUG FXGLApplication      - Initializing game
23:10:19.417 [FXGL Background Thread 1 ] DEBUG FXGLAssetLoaderServi - Loading from file system: file:/G:/uniwerk/Uniwerk%20Jaar%202/P1/Project/fxgltest/target/classes/assets/textures/dude.png
23:10:19.436 [FXGL Background Thread 1 ] INFO  FXGLApplication      - Game initialization took: 0.024 sec
23:10:19.444 [JavaFX Application Thread] DEBUG Input                - Clearing active input actions
23:10:19.454 [JavaFX Application Thread] DEBUG GameApplicationServi - Removing overlay from FXGLLoadingScene and adding to GameScene
23:10:19.455 [JavaFX Application Thread] DEBUG PrimaryStageWindow   - FXGLLoadingScene -> GameScene
23:10:19.641 [FXGL Background Thread 2 ] INFO  UpdaterService       - Your current version:  11.14
23:10:19.641 [FXGL Background Thread 2 ] INFO  UpdaterService       - Latest stable version: 17.1
23:10:22.342 [FXGL Background Thread 3 ] DEBUG Engine               - Logging environment variables
23:10:22.342 [FXGL Background Thread 3 ] DEBUG Engine               - achievements: []
23:10:22.342 [FXGL Background Thread 3 ] DEBUG Engine               - actualHeight: 800.0
23:10:22.342 [FXGL Background Thread 3 ] DEBUG Engine               - actualHeightProperty: ReadOnlyDoubleProperty [value: 800.0]
23:10:22.342 [FXGL Background Thread 3 ] DEBUG Engine               - actualWidth: 1200.0
23:10:22.342 [FXGL Background Thread 3 ] DEBUG Engine               - actualWidthProperty: ReadOnlyDoubleProperty [value: 1200.0]
23:10:22.342 [FXGL Background Thread 3 ] DEBUG Engine               - appIcon: fxgl_icon.png
23:10:22.342 [FXGL Background Thread 3 ] DEBUG Engine               - applicationMode: DEVELOPER
23:10:22.342 [FXGL Background Thread 3 ] DEBUG Engine               - cSSList: [fxgl_dark.css]
23:10:22.343 [FXGL Background Thread 3 ] DEBUG Engine               - collisionDetectionStrategy: BRUTE_FORCE
23:10:22.343 [FXGL Background Thread 3 ] DEBUG Engine               - configClass: Optional.empty
23:10:22.343 [FXGL Background Thread 3 ] DEBUG Engine               - credits: []
23:10:22.343 [FXGL Background Thread 3 ] DEBUG Engine               - devBBoxColorProperty: ObjectProperty [value: 0xff0000ff]
23:10:22.343 [FXGL Background Thread 3 ] DEBUG Engine               - devEnableDebugCameraProperty: BooleanProperty [value: false]
23:10:22.343 [FXGL Background Thread 3 ] DEBUG Engine               - devSensorColorProperty: ObjectProperty [value: 0xffff00ff]
23:10:22.343 [FXGL Background Thread 3 ] DEBUG Engine               - devShowBBoxProperty: BooleanProperty [value: false]
23:10:22.343 [FXGL Background Thread 3 ] DEBUG Engine               - devShowPositionProperty: BooleanProperty [value: false]
23:10:22.343 [FXGL Background Thread 3 ] DEBUG Engine               - enabledMenuItems: []
23:10:22.343 [FXGL Background Thread 3 ] DEBUG Engine               - engineServices: [class com.almasb.fxgl.app.services.FXGLAssetLoaderService, class com.almasb.fxgl.app.FXGLApplication$GameApplicationService, class com.almasb.fxgl.app.services.FXGLDialogService, class com.almasb.fxgl.app.services.IOTaskExecutorService, class com.almasb.fxgl.event.EventBusService, class com.almasb.fxgl.io.FileSystemService, class com.almasb.fxgl.localization.LocalizationService, class com.almasb.fxgl.app.services.SystemBundleService, class com.almasb.fxgl.profile.SaveLoadService, class com.almasb.fxgl.ui.FXGLUIFactoryServiceProvider, class com.almasb.fxgl.ui.FXGLDialogFactoryServiceProvider, class com.almasb.fxgl.audio.AudioPlayer, class com.almasb.fxgl.notification.impl.NotificationServiceProvider, class com.almasb.fxgl.achievement.AchievementService, class com.almasb.fxgl.cutscene.CutsceneService, class com.almasb.fxgl.minigames.MiniGameService, class com.almasb.fxgl.net.NetService, class com.almasb.fxgl.app.services.UpdaterService, class com.almasb.fxgl.dev.DevService]
23:10:22.343 [FXGL Background Thread 3 ] DEBUG Engine               - fontGame: Abel-Regular.ttf
23:10:22.343 [FXGL Background Thread 3 ] DEBUG Engine               - fontMono: lucida_console.ttf
23:10:22.343 [FXGL Background Thread 3 ] DEBUG Engine               - fontText: Courier-Prime.ttf
23:10:22.343 [FXGL Background Thread 3 ] DEBUG Engine               - fontUI: VarelaRound-Regular.ttf
23:10:22.343 [FXGL Background Thread 3 ] DEBUG Engine               - fullScreen: BooleanProperty [value: false]
23:10:22.343 [FXGL Background Thread 3 ] DEBUG Engine               - gameDifficulty: MEDIUM
23:10:22.343 [FXGL Background Thread 3 ] DEBUG Engine               - gameDifficultyProperty: ObjectProperty [value: MEDIUM]
23:10:22.344 [FXGL Background Thread 3 ] DEBUG Engine               - globalMusicVolume: 0.5
23:10:22.344 [FXGL Background Thread 3 ] DEBUG Engine               - globalMusicVolumeProperty: DoubleProperty [value: 0.5]
23:10:22.344 [FXGL Background Thread 3 ] DEBUG Engine               - globalSoundVolume: 0.5
23:10:22.344 [FXGL Background Thread 3 ] DEBUG Engine               - globalSoundVolumeProperty: DoubleProperty [value: 0.5]
23:10:22.344 [FXGL Background Thread 3 ] DEBUG Engine               - height: 800
23:10:22.344 [FXGL Background Thread 3 ] DEBUG Engine               - isAndroid: false
23:10:22.344 [FXGL Background Thread 3 ] DEBUG Engine               - isBrowser: false
23:10:22.344 [FXGL Background Thread 3 ] DEBUG Engine               - isClickFeedbackEnabled: false
23:10:22.344 [FXGL Background Thread 3 ] DEBUG Engine               - isCloseConfirmation: false
23:10:22.344 [FXGL Background Thread 3 ] DEBUG Engine               - isDesktop: true
23:10:22.345 [FXGL Background Thread 3 ] DEBUG Engine               - isDeveloperMenuEnabled: false
23:10:22.345 [FXGL Background Thread 3 ] DEBUG Engine               - isEntityPreloadEnabled: true
23:10:22.345 [FXGL Background Thread 3 ] DEBUG Engine               - isExperimental3D: false
23:10:22.345 [FXGL Background Thread 3 ] DEBUG Engine               - isExperimentalNative: false
23:10:22.345 [FXGL Background Thread 3 ] DEBUG Engine               - isExperimentalTiledLargeMap: false
23:10:22.345 [FXGL Background Thread 3 ] DEBUG Engine               - isFileSystemWriteAllowed: true
23:10:22.345 [FXGL Background Thread 3 ] DEBUG Engine               - isFullScreenAllowed: false
23:10:22.345 [FXGL Background Thread 3 ] DEBUG Engine               - isFullScreenFromStart: false
23:10:22.345 [FXGL Background Thread 3 ] DEBUG Engine               - isGameMenuEnabled: true
23:10:22.346 [FXGL Background Thread 3 ] DEBUG Engine               - isIOS: false
23:10:22.346 [FXGL Background Thread 3 ] DEBUG Engine               - isIntroEnabled: false
23:10:22.346 [FXGL Background Thread 3 ] DEBUG Engine               - isLinux: false
23:10:22.346 [FXGL Background Thread 3 ] DEBUG Engine               - isMac: false
23:10:22.346 [FXGL Background Thread 3 ] DEBUG Engine               - isMainMenuEnabled: false
23:10:22.346 [FXGL Background Thread 3 ] DEBUG Engine               - isManualResizeEnabled: false
23:10:22.346 [FXGL Background Thread 3 ] DEBUG Engine               - isMobile: false
23:10:22.346 [FXGL Background Thread 3 ] DEBUG Engine               - isPreserveResizeRatio: false
23:10:22.346 [FXGL Background Thread 3 ] DEBUG Engine               - isProfilingEnabled: false
23:10:22.347 [FXGL Background Thread 3 ] DEBUG Engine               - isScaleAffectedOnResize: true
23:10:22.347 [FXGL Background Thread 3 ] DEBUG Engine               - isSingleStep: false
23:10:22.347 [FXGL Background Thread 3 ] DEBUG Engine               - isUserProfileEnabled: false
23:10:22.347 [FXGL Background Thread 3 ] DEBUG Engine               - isWindows: true
23:10:22.347 [FXGL Background Thread 3 ] DEBUG Engine               - language: ObjectProperty [value: ENGLISH]
23:10:22.347 [FXGL Background Thread 3 ] DEBUG Engine               - menuKey: ESCAPE
23:10:22.347 [FXGL Background Thread 3 ] DEBUG Engine               - notificationViewClass: class com.almasb.fxgl.notification.view.XboxNotificationView
23:10:22.347 [FXGL Background Thread 3 ] DEBUG Engine               - pixelsPerMeter: 50.0
23:10:22.347 [FXGL Background Thread 3 ] DEBUG Engine               - platform: WINDOWS
23:10:22.347 [FXGL Background Thread 3 ] DEBUG Engine               - prefHeightProperty: ReadOnlyDoubleProperty [value: 800.0]
23:10:22.347 [FXGL Background Thread 3 ] DEBUG Engine               - prefWidthProperty: ReadOnlyDoubleProperty [value: 1200.0]
23:10:22.347 [FXGL Background Thread 3 ] DEBUG Engine               - profileDir: profiles/
23:10:22.347 [FXGL Background Thread 3 ] DEBUG Engine               - profileName: StringProperty [value: DEFAULT]
23:10:22.347 [FXGL Background Thread 3 ] DEBUG Engine               - randomSeed: -1
23:10:22.347 [FXGL Background Thread 3 ] DEBUG Engine               - runtimeInfo: RuntimeInfo(platform=WINDOWS, version=11.14, build=01.03.2021 16.59)
23:10:22.347 [FXGL Background Thread 3 ] DEBUG Engine               - saveFileExt: sav
23:10:22.348 [FXGL Background Thread 3 ] DEBUG Engine               - scaledHeightProp$fxgl: DoubleProperty [bound, value: 800.0]
23:10:22.348 [FXGL Background Thread 3 ] DEBUG Engine               - scaledWidthProp$fxgl: DoubleProperty [bound, value: 1200.0]
23:10:22.348 [FXGL Background Thread 3 ] DEBUG Engine               - sceneFactory: com.almasb.fxgl.app.scene.SceneFactory@156f079d
23:10:22.348 [FXGL Background Thread 3 ] DEBUG Engine               - secondsIn24h: 60
23:10:22.348 [FXGL Background Thread 3 ] DEBUG Engine               - soundMenuBack: menu/back.wav
23:10:22.348 [FXGL Background Thread 3 ] DEBUG Engine               - soundMenuPress: menu/press.wav
23:10:22.348 [FXGL Background Thread 3 ] DEBUG Engine               - soundMenuSelect: menu/select.wav
23:10:22.348 [FXGL Background Thread 3 ] DEBUG Engine               - soundNotification: core/notification.wav
23:10:22.349 [FXGL Background Thread 3 ] DEBUG Engine               - stageStyle: DECORATED
23:10:22.349 [FXGL Background Thread 3 ] DEBUG Engine               - supportedLanguages: [ENGLISH, FRENCH, GERMAN, HUNGARIAN, RUSSIAN]
23:10:22.349 [FXGL Background Thread 3 ] DEBUG Engine               - ticksPerSecond: -1
23:10:22.349 [FXGL Background Thread 3 ] DEBUG Engine               - title: Untitled
23:10:22.349 [FXGL Background Thread 3 ] DEBUG Engine               - urlGithub: https://github.com/AlmasB/FXGL
23:10:22.349 [FXGL Background Thread 3 ] DEBUG Engine               - urlLeaderboard: http://fxgl-top.herokuapp.com/
23:10:22.349 [FXGL Background Thread 3 ] DEBUG Engine               - urlPOM: https://raw.githubusercontent.com/AlmasB/FXGL/release/README.md
23:10:22.349 [FXGL Background Thread 3 ] DEBUG Engine               - userAppClass: class Game
23:10:22.349 [FXGL Background Thread 3 ] DEBUG Engine               - version: 0.0
23:10:22.349 [FXGL Background Thread 3 ] DEBUG Engine               - versionCheckDays: 7
23:10:22.349 [FXGL Background Thread 3 ] DEBUG Engine               - width: 1200
23:10:22.349 [FXGL Background Thread 3 ] DEBUG Engine               - Logging services
23:10:22.349 [FXGL Background Thread 3 ] DEBUG Engine               - class com.almasb.fxgl.app.services.FXGLAssetLoaderService
23:10:22.349 [FXGL Background Thread 3 ] DEBUG Engine               - class com.almasb.fxgl.app.FXGLApplication$GameApplicationService
23:10:22.349 [FXGL Background Thread 3 ] DEBUG Engine               - class com.almasb.fxgl.app.services.FXGLDialogService
23:10:22.349 [FXGL Background Thread 3 ] DEBUG Engine               - class com.almasb.fxgl.app.services.IOTaskExecutorService
23:10:22.349 [FXGL Background Thread 3 ] DEBUG Engine               - class com.almasb.fxgl.event.EventBusService
23:10:22.350 [FXGL Background Thread 3 ] DEBUG Engine               - class com.almasb.fxgl.io.FileSystemService
23:10:22.351 [FXGL Background Thread 3 ] DEBUG Engine               - class com.almasb.fxgl.localization.LocalizationService
23:10:22.351 [FXGL Background Thread 3 ] DEBUG Engine               - class com.almasb.fxgl.app.services.SystemBundleService
23:10:22.351 [FXGL Background Thread 3 ] DEBUG Engine               - class com.almasb.fxgl.profile.SaveLoadService
23:10:22.351 [FXGL Background Thread 3 ] DEBUG Engine               - class com.almasb.fxgl.ui.FXGLUIFactoryServiceProvider
23:10:22.351 [FXGL Background Thread 3 ] DEBUG Engine               - class com.almasb.fxgl.ui.FXGLDialogFactoryServiceProvider
23:10:22.351 [FXGL Background Thread 3 ] DEBUG Engine               - class com.almasb.fxgl.audio.AudioPlayer
23:10:22.351 [FXGL Background Thread 3 ] DEBUG Engine               - class com.almasb.fxgl.notification.impl.NotificationServiceProvider
23:10:22.351 [FXGL Background Thread 3 ] DEBUG Engine               - class com.almasb.fxgl.achievement.AchievementService
23:10:22.351 [FXGL Background Thread 3 ] DEBUG Engine               - class com.almasb.fxgl.cutscene.CutsceneService
23:10:22.351 [FXGL Background Thread 3 ] DEBUG Engine               - class com.almasb.fxgl.minigames.MiniGameService
23:10:22.351 [FXGL Background Thread 3 ] DEBUG Engine               - class com.almasb.fxgl.net.NetService
23:10:22.351 [FXGL Background Thread 3 ] DEBUG Engine               - class com.almasb.fxgl.app.services.UpdaterService
23:10:22.351 [FXGL Background Thread 3 ] DEBUG Engine               - class com.almasb.fxgl.dev.DevService
23:10:41.088 [JavaFX Application Thread] DEBUG FXGLApplication      - Exiting FXGL
23:10:41.088 [JavaFX Application Thread] DEBUG LoopRunner           - Stopping loop
23:10:41.088 [JavaFX Application Thread] DEBUG SystemBundleService  - Saving FXGL system data
23:10:41.089 [JavaFX Application Thread] DEBUG FileSystemAccess     - Writing to: G:\uniwerk\Uniwerk Jaar 2\P1\Project\fxgltest\system\fxgl.bundle
23:10:41.090 [JavaFX Application Thread] DEBUG Async                - Shutting down background threads
23:10:41.090 [JavaFX Application Thread] DEBUG PrimaryStageWindow   - Closing main window
23:10:41.102 [JavaFX Application Thread] DEBUG Logger               - Closing Logger
